<?xml version="1.0" encoding="UTF-8"?>
<testng-results ignored="0" total="1" passed="1" failed="0" skipped="0">
  <reporter-output>
  </reporter-output>
  <suite started-at="2023-12-20T07:12:09Z" name="Default suite" finished-at="2023-12-20T07:12:17Z" duration-ms="7404">
    <groups>
      <group name="cucumber">
        <method signature="AbstractTestNGCucumberTests.runScenario(io.cucumber.testng.PickleWrapper, io.cucumber.testng.FeatureWrapper)[pri:0, instance:runner.RunTest@255e5e2e]" name="runScenario" class="io.cucumber.testng.AbstractTestNGCucumberTests"/>
      </group> <!-- cucumber -->
    </groups>
    <test started-at="2023-12-20T07:12:09Z" name="Default test" finished-at="2023-12-20T07:12:17Z" duration-ms="7404">
      <class name="runner.RunTest">
        <test-method is-config="true" signature="setUpClass()[pri:0, instance:runner.RunTest@255e5e2e]" started-at="2023-12-20T07:12:09Z" name="setUpClass" finished-at="2023-12-20T07:12:10Z" duration-ms="634" status="PASS">
          <reporter-output>
          </reporter-output>
        </test-method> <!-- setUpClass -->
        <test-method signature="runScenario(io.cucumber.testng.PickleWrapper, io.cucumber.testng.FeatureWrapper)[pri:0, instance:runner.RunTest@255e5e2e]" started-at="2023-12-20T07:12:10Z" name="runScenario" description="Runs Cucumber Scenarios" data-provider="scenarios" finished-at="2023-12-20T07:12:16Z" duration-ms="6690" status="PASS">
          <params>
            <param index="0">
              <value>
                <![CDATA["Get all incidents"]]>
              </value>
            </param>
            <param index="1">
              <value>
                <![CDATA["Get all Incidents"]]>
              </value>
            </param>
          </params>
          <reporter-output>
          </reporter-output>
        </test-method> <!-- runScenario -->
        <test-method is-config="true" signature="tearDownClass()[pri:0, instance:runner.RunTest@255e5e2e]" started-at="2023-12-20T07:12:17Z" name="tearDownClass" finished-at="2023-12-20T07:12:17Z" duration-ms="5" status="PASS">
          <reporter-output>
          </reporter-output>
        </test-method> <!-- tearDownClass -->
      </class> <!-- runner.RunTest -->
    </test> <!-- Default test -->
  </suite> <!-- Default suite -->
</testng-results>
